<?xml version="1.0" encoding="UTF-8"?>
<!-- Generated by org.testng.reporters.JUnitReportReporter -->
<testsuite hostname="DESKTOP-AUMA2HC" failures="0" tests="1" name="DemoOnPageObjectModel.LoginWithoutPOM" time="6.664" errors="0" timestamp="06 Apr 2023 16:38:00 GMT" skipped="0">
  <testcase classname="DemoOnPageObjectModel.LoginWithoutPOM" name="login" time="6.664"/>
</testsuite> <!-- DemoOnPageObjectModel.LoginWithoutPOM -->
